<?xml version="1.0" encoding="UTF-8"?>
<!-- Generated by org.testng.reporters.JUnitXMLReporter -->
<testsuite ignored="0" hostname="hp-PC" failures="0" tests="4" name="Default test" time="0.136" errors="0" timestamp="2021-07-03T21:36:53 IST">
  <testcase classname="testngwork.verify" name="m1" time="0.018"/>
  <testcase classname="testngwork.verify" name="m2" time="0.004"/>
  <testcase classname="testngwork.verify" name="m3" time="0.005"/>
  <testcase classname="testngwork.verify" name="m4" time="0.004"/>
</testsuite> <!-- Default test -->
