<?xml version="1.0" encoding="UTF-8"?>
<testng-results ignored="0" total="4" passed="4" failed="0" skipped="0">
  <reporter-output>
  </reporter-output>
  <suite started-at="2021-07-03T21:36:53 IST" name="Default suite" finished-at="2021-07-03T21:36:53 IST" duration-ms="136">
    <groups>
      <group name="regression">
        <method signature="verify.m3()[pri:0, instance:testngwork.verify@45018215]" name="m3" class="testngwork.verify"/>
        <method signature="verify.m4()[pri:0, instance:testngwork.verify@45018215]" name="m4" class="testngwork.verify"/>
      </group> <!-- regression -->
      <group name="smoke">
        <method signature="verify.m2()[pri:0, instance:testngwork.verify@45018215]" name="m2" class="testngwork.verify"/>
      </group> <!-- smoke -->
      <group name="sanity">
        <method signature="verify.m1()[pri:0, instance:testngwork.verify@45018215]" name="m1" class="testngwork.verify"/>
        <method signature="verify.m2()[pri:0, instance:testngwork.verify@45018215]" name="m2" class="testngwork.verify"/>
        <method signature="verify.m3()[pri:0, instance:testngwork.verify@45018215]" name="m3" class="testngwork.verify"/>
      </group> <!-- sanity -->
    </groups>
    <test started-at="2021-07-03T21:36:53 IST" name="Default test" finished-at="2021-07-03T21:36:53 IST" duration-ms="136">
      <class name="testngwork.verify">
        <test-method signature="m1()[pri:0, instance:testngwork.verify@45018215]" started-at="2021-07-03T21:36:53 IST" name="m1" finished-at="2021-07-03T21:36:53 IST" duration-ms="18" status="PASS">
          <reporter-output>
          </reporter-output>
        </test-method> <!-- m1 -->
        <test-method signature="m2()[pri:0, instance:testngwork.verify@45018215]" started-at="2021-07-03T21:36:53 IST" name="m2" finished-at="2021-07-03T21:36:53 IST" duration-ms="4" status="PASS">
          <reporter-output>
          </reporter-output>
        </test-method> <!-- m2 -->
        <test-method signature="m3()[pri:0, instance:testngwork.verify@45018215]" started-at="2021-07-03T21:36:53 IST" name="m3" finished-at="2021-07-03T21:36:53 IST" duration-ms="5" status="PASS">
          <reporter-output>
          </reporter-output>
        </test-method> <!-- m3 -->
        <test-method signature="m4()[pri:0, instance:testngwork.verify@45018215]" started-at="2021-07-03T21:36:53 IST" name="m4" finished-at="2021-07-03T21:36:53 IST" duration-ms="4" status="PASS">
          <reporter-output>
          </reporter-output>
        </test-method> <!-- m4 -->
      </class> <!-- testngwork.verify -->
    </test> <!-- Default test -->
  </suite> <!-- Default suite -->
</testng-results>
